Determining if the Q_WS_WIN exist failed with the following output:
Change Dir: /home/robot/ros/rtabmap/CMakeFiles/CMakeTmp

Run Build Command:/usr/bin/make "cmTryCompileExec3678454720/fast"
/usr/bin/make -f CMakeFiles/cmTryCompileExec3678454720.dir/build.make CMakeFiles/cmTryCompileExec3678454720.dir/build
make[1]: 正在进入目录 `/home/robot/ros/rtabmap/CMakeFiles/CMakeTmp'
/usr/bin/cmake -E cmake_progress_report /home/robot/ros/rtabmap/CMakeFiles/CMakeTmp/CMakeFiles 1
Building CXX object CMakeFiles/cmTryCompileExec3678454720.dir/CheckSymbolExists.cxx.o
/usr/bin/c++    -fmessage-length=0  -Wno-deprecated -fopenmp  -I/usr/include/qt4    -o CMakeFiles/cmTryCompileExec3678454720.dir/CheckSymbolExists.cxx.o -c /home/robot/ros/rtabmap/CMakeFiles/CMakeTmp/CheckSymbolExists.cxx
/home/robot/ros/rtabmap/CMakeFiles/CMakeTmp/CheckSymbolExists.cxx: In function ‘int main(int, char**)’:
/home/robot/ros/rtabmap/CMakeFiles/CMakeTmp/CheckSymbolExists.cxx:8:19: error: ‘Q_WS_WIN’ was not declared in this scope
   return ((int*)(&Q_WS_WIN))[argc];
                   ^
make[1]: *** [CMakeFiles/cmTryCompileExec3678454720.dir/CheckSymbolExists.cxx.o] 错误 1
make[1]:正在离开目录 `/home/robot/ros/rtabmap/CMakeFiles/CMakeTmp'
make: *** [cmTryCompileExec3678454720/fast] 错误 2

File /home/robot/ros/rtabmap/CMakeFiles/CMakeTmp/CheckSymbolExists.cxx:
/* */
#include <QtCore/qglobal.h>

int main(int argc, char** argv)
{
  (void)argv;
#ifndef Q_WS_WIN
  return ((int*)(&Q_WS_WIN))[argc];
#else
  (void)argc;
  return 0;
#endif
}

Determining if the Q_WS_QWS exist failed with the following output:
Change Dir: /home/robot/ros/rtabmap/CMakeFiles/CMakeTmp

Run Build Command:/usr/bin/make "cmTryCompileExec1283028322/fast"
/usr/bin/make -f CMakeFiles/cmTryCompileExec1283028322.dir/build.make CMakeFiles/cmTryCompileExec1283028322.dir/build
make[1]: 正在进入目录 `/home/robot/ros/rtabmap/CMakeFiles/CMakeTmp'
/usr/bin/cmake -E cmake_progress_report /home/robot/ros/rtabmap/CMakeFiles/CMakeTmp/CMakeFiles 1
Building CXX object CMakeFiles/cmTryCompileExec1283028322.dir/CheckSymbolExists.cxx.o
/usr/bin/c++    -fmessage-length=0  -Wno-deprecated -fopenmp  -I/usr/include/qt4    -o CMakeFiles/cmTryCompileExec1283028322.dir/CheckSymbolExists.cxx.o -c /home/robot/ros/rtabmap/CMakeFiles/CMakeTmp/CheckSymbolExists.cxx
/home/robot/ros/rtabmap/CMakeFiles/CMakeTmp/CheckSymbolExists.cxx: In function ‘int main(int, char**)’:
/home/robot/ros/rtabmap/CMakeFiles/CMakeTmp/CheckSymbolExists.cxx:8:19: error: ‘Q_WS_QWS’ was not declared in this scope
   return ((int*)(&Q_WS_QWS))[argc];
                   ^
make[1]: *** [CMakeFiles/cmTryCompileExec1283028322.dir/CheckSymbolExists.cxx.o] 错误 1
make[1]:正在离开目录 `/home/robot/ros/rtabmap/CMakeFiles/CMakeTmp'
make: *** [cmTryCompileExec1283028322/fast] 错误 2

File /home/robot/ros/rtabmap/CMakeFiles/CMakeTmp/CheckSymbolExists.cxx:
/* */
#include <QtCore/qglobal.h>

int main(int argc, char** argv)
{
  (void)argv;
#ifndef Q_WS_QWS
  return ((int*)(&Q_WS_QWS))[argc];
#else
  (void)argc;
  return 0;
#endif
}

Determining if the Q_WS_MAC exist failed with the following output:
Change Dir: /home/robot/ros/rtabmap/CMakeFiles/CMakeTmp

Run Build Command:/usr/bin/make "cmTryCompileExec2959607981/fast"
/usr/bin/make -f CMakeFiles/cmTryCompileExec2959607981.dir/build.make CMakeFiles/cmTryCompileExec2959607981.dir/build
make[1]: 正在进入目录 `/home/robot/ros/rtabmap/CMakeFiles/CMakeTmp'
/usr/bin/cmake -E cmake_progress_report /home/robot/ros/rtabmap/CMakeFiles/CMakeTmp/CMakeFiles 1
Building CXX object CMakeFiles/cmTryCompileExec2959607981.dir/CheckSymbolExists.cxx.o
/usr/bin/c++    -fmessage-length=0  -Wno-deprecated -fopenmp  -I/usr/include/qt4    -o CMakeFiles/cmTryCompileExec2959607981.dir/CheckSymbolExists.cxx.o -c /home/robot/ros/rtabmap/CMakeFiles/CMakeTmp/CheckSymbolExists.cxx
/home/robot/ros/rtabmap/CMakeFiles/CMakeTmp/CheckSymbolExists.cxx: In function ‘int main(int, char**)’:
/home/robot/ros/rtabmap/CMakeFiles/CMakeTmp/CheckSymbolExists.cxx:8:19: error: ‘Q_WS_MAC’ was not declared in this scope
   return ((int*)(&Q_WS_MAC))[argc];
                   ^
make[1]: *** [CMakeFiles/cmTryCompileExec2959607981.dir/CheckSymbolExists.cxx.o] 错误 1
make[1]:正在离开目录 `/home/robot/ros/rtabmap/CMakeFiles/CMakeTmp'
make: *** [cmTryCompileExec2959607981/fast] 错误 2

File /home/robot/ros/rtabmap/CMakeFiles/CMakeTmp/CheckSymbolExists.cxx:
/* */
#include <QtCore/qglobal.h>

int main(int argc, char** argv)
{
  (void)argv;
#ifndef Q_WS_MAC
  return ((int*)(&Q_WS_MAC))[argc];
#else
  (void)argc;
  return 0;
#endif
}

